0 info it worked if it ends with ok
1 verbose cli [ '/usr/bin/nodejs', '/usr/bin/npm', 'install', 'multi-hashing' ]
2 info using npm@3.5.2
3 info using node@v4.2.6
4 silly loadCurrentTree Starting
5 silly install loadCurrentTree
6 silly install readLocalPackageData
7 silly fetchPackageMetaData multi-hashing@git://github.com/zone117x/node-multi-hashing.git
8 silly fetchOtherPackageData multi-hashing@git://github.com/zone117x/node-multi-hashing.git
9 silly cache add args [ 'multi-hashing@git://github.com/zone117x/node-multi-hashing.git',
9 silly cache add   null ]
10 verbose cache add spec multi-hashing@git://github.com/zone117x/node-multi-hashing.git
11 silly cache add parsed spec Result {
11 silly cache add   raw: 'multi-hashing@git://github.com/zone117x/node-multi-hashing.git',
11 silly cache add   scope: null,
11 silly cache add   name: 'multi-hashing',
11 silly cache add   rawSpec: 'git://github.com/zone117x/node-multi-hashing.git',
11 silly cache add   spec: 'git://github.com/zone117x/node-multi-hashing.git',
11 silly cache add   type: 'hosted',
11 silly cache add   hosted:
11 silly cache add    { type: 'github',
11 silly cache add      ssh: 'git@github.com:zone117x/node-multi-hashing.git',
11 silly cache add      sshUrl: 'git+ssh://git@github.com/zone117x/node-multi-hashing.git',
11 silly cache add      httpsUrl: 'git+https://github.com/zone117x/node-multi-hashing.git',
11 silly cache add      gitUrl: 'git://github.com/zone117x/node-multi-hashing.git',
11 silly cache add      shortcut: 'github:zone117x/node-multi-hashing',
11 silly cache add      directUrl: 'https://raw.githubusercontent.com/zone117x/node-multi-hashing/master/package.json' } }
12 verbose addRemoteGit caching git://github.com/zone117x/node-multi-hashing.git
13 verbose addRemoteGit git://github.com/zone117x/node-multi-hashing.git is a repository hosted by github
14 silly tryClone cloning git://github.com/zone117x/node-multi-hashing.git via git://github.com/zone117x/node-multi-hashing.git
15 verbose tryClone git-github-com-zone117x-node-multi-hashing-git-98b61ec3 not in flight; caching
16 info git [ 'config', '--get', 'remote.origin.url' ]
17 silly validateExistingRemote git://github.com/zone117x/node-multi-hashing.git remote.origin.url: git://github.com/zone117x/node-multi-hashing.git
18 verbose validateExistingRemote git://github.com/zone117x/node-multi-hashing.git is updating existing cached remote /root/.npm/_git-remotes/git-github-com-zone117x-node-multi-hashing-git-98b61ec3
19 info git [ 'fetch', '-a', 'origin' ]
20 verbose updateRemote git fetch -a origin (git://github.com/zone117x/node-multi-hashing.git)
21 verbose setPermissions git://github.com/zone117x/node-multi-hashing.git set permissions on /root/.npm/_git-remotes/git-github-com-zone117x-node-multi-hashing-git-98b61ec3
22 verbose resolveHead git://github.com/zone117x/node-multi-hashing.git original treeish: master
23 info git [ 'rev-list', '-n1', 'master' ]
24 silly resolveHead git://github.com/zone117x/node-multi-hashing.git resolved treeish: 73996fe77104108f2d66ef750b3e1bce42e4d8f0
25 verbose resolveHead git://github.com/zone117x/node-multi-hashing.git resolved Git URL: git://github.com/zone117x/node-multi-hashing.git#73996fe77104108f2d66ef750b3e1bce42e4d8f0
26 silly resolveHead Git working directory: /tmp/npm-10304-bbef0497/git-cache-317a0a7a/73996fe77104108f2d66ef750b3e1bce42e4d8f0
27 info git [ 'clone',
27 info git   '/root/.npm/_git-remotes/git-github-com-zone117x-node-multi-hashing-git-98b61ec3',
27 info git   '/tmp/npm-10304-bbef0497/git-cache-317a0a7a/73996fe77104108f2d66ef750b3e1bce42e4d8f0' ]
28 verbose cloneResolved git://github.com/zone117x/node-multi-hashing.git clone Клонирование в «/tmp/npm-10304-bbef0497/git-cache-317a0a7a/73996fe77104108f2d66ef750b3e1bce42e4d8f0»…
28 verbose cloneResolved готово.
29 info git [ 'checkout', '73996fe77104108f2d66ef750b3e1bce42e4d8f0' ]
30 verbose checkoutTreeish git://github.com/zone117x/node-multi-hashing.git checkout Note: checking out '73996fe77104108f2d66ef750b3e1bce42e4d8f0'.
30 verbose checkoutTreeish
30 verbose checkoutTreeish You are in 'detached HEAD' state. You can look around, make experimental
30 verbose checkoutTreeish changes and commit them, and you can discard any commits you make in this
30 verbose checkoutTreeish state without impacting any branches by performing another checkout.
30 verbose checkoutTreeish
30 verbose checkoutTreeish If you want to create a new branch to retain commits you create, you may
30 verbose checkoutTreeish do so (now or later) by using -b with the checkout command again. Example:
30 verbose checkoutTreeish
30 verbose checkoutTreeish   git checkout -b <new-branch-name>
30 verbose checkoutTreeish
30 verbose checkoutTreeish HEAD сейчас на 73996fe... Merge pull request #22 from epipenau/master
31 verbose addLocalDirectory /root/.npm/multi-hashing/0.0.9/package.tgz not in flight; packing
32 verbose tar pack [ '/root/.npm/multi-hashing/0.0.9/package.tgz',
32 verbose tar pack   '/tmp/npm-10304-bbef0497/git-cache-317a0a7a/73996fe77104108f2d66ef750b3e1bce42e4d8f0' ]
33 verbose tarball /root/.npm/multi-hashing/0.0.9/package.tgz
34 verbose folder /tmp/npm-10304-bbef0497/git-cache-317a0a7a/73996fe77104108f2d66ef750b3e1bce42e4d8f0
35 verbose addLocalTarball adding from inside cache /root/.npm/multi-hashing/0.0.9/package.tgz
36 verbose addRemoteGit data._from: git://github.com/zone117x/node-multi-hashing.git
37 verbose addRemoteGit data._resolved: git://github.com/zone117x/node-multi-hashing.git#73996fe77104108f2d66ef750b3e1bce42e4d8f0
38 silly cache afterAdd multi-hashing@0.0.9
39 verbose afterAdd /root/.npm/multi-hashing/0.0.9/package/package.json not in flight; writing
40 verbose afterAdd /root/.npm/multi-hashing/0.0.9/package/package.json written
41 silly install normalizeTree
42 silly loadCurrentTree Finishing
43 silly loadIdealTree Starting
44 silly install loadIdealTree
45 silly cloneCurrentTree Starting
46 silly install cloneCurrentTreeToIdealTree
47 silly cloneCurrentTree Finishing
48 silly loadShrinkwrap Starting
49 silly install loadShrinkwrap
50 silly loadShrinkwrap Finishing
51 silly loadAllDepsIntoIdealTree Starting
52 silly install loadAllDepsIntoIdealTree
53 silly resolveWithNewModule multi-hashing@0.0.9 checking installable status
54 silly loadAllDepsIntoIdealTree Finishing
55 silly idealTree:prePrune stratum-pool@0.1.9
55 silly idealTree:prePrune ├── abbrev@1.1.0
55 silly idealTree:prePrune ├── ajv@4.11.5
55 silly idealTree:prePrune ├── ansi-regex@2.1.1
55 silly idealTree:prePrune ├── aproba@1.1.1
55 silly idealTree:prePrune ├── are-we-there-yet@1.1.2
55 silly idealTree:prePrune ├── asn1@0.2.3
55 silly idealTree:prePrune ├── assert-plus@0.2.0
55 silly idealTree:prePrune ├── async@2.2.0
55 silly idealTree:prePrune ├── asynckit@0.4.0
55 silly idealTree:prePrune ├── aws-sign2@0.6.0
55 silly idealTree:prePrune ├── aws4@1.6.0
55 silly idealTree:prePrune ├── balanced-match@0.4.2
55 silly idealTree:prePrune ├── base58-native@0.1.4
55 silly idealTree:prePrune ├── bcrypt-pbkdf@1.0.1
55 silly idealTree:prePrune ├── bignum@0.12.5
55 silly idealTree:prePrune ├── bindings@1.2.1
55 silly idealTree:prePrune ├── block-stream@0.0.9
55 silly idealTree:prePrune ├── boom@2.10.1
55 silly idealTree:prePrune ├── brace-expansion@1.1.6
55 silly idealTree:prePrune ├── buffer-shims@1.0.0
55 silly idealTree:prePrune ├── caseless@0.12.0
55 silly idealTree:prePrune ├── co@4.6.0
55 silly idealTree:prePrune ├── code-point-at@1.1.0
55 silly idealTree:prePrune ├── combined-stream@1.0.5
55 silly idealTree:prePrune ├── concat-map@0.0.1
55 silly idealTree:prePrune ├── console-control-strings@1.1.0
55 silly idealTree:prePrune ├── core-util-is@1.0.2
55 silly idealTree:prePrune ├── cryptiles@2.0.5
55 silly idealTree:prePrune ├─┬ dashdash@1.14.1
55 silly idealTree:prePrune │ └── assert-plus@1.0.0
55 silly idealTree:prePrune ├── debug@2.6.3
55 silly idealTree:prePrune ├── deep-extend@0.4.1
55 silly idealTree:prePrune ├── delayed-stream@1.0.0
55 silly idealTree:prePrune ├── delegates@1.0.0
55 silly idealTree:prePrune ├── ecc-jsbn@0.1.1
55 silly idealTree:prePrune ├── extend@3.0.0
55 silly idealTree:prePrune ├── extsprintf@1.0.2
55 silly idealTree:prePrune ├── forever-agent@0.6.1
55 silly idealTree:prePrune ├── form-data@2.1.2
55 silly idealTree:prePrune ├── fs.realpath@1.0.0
55 silly idealTree:prePrune ├── fstream-ignore@1.0.5
55 silly idealTree:prePrune ├── fstream@1.0.11
55 silly idealTree:prePrune ├── gauge@2.7.3
55 silly idealTree:prePrune ├─┬ getpass@0.1.6
55 silly idealTree:prePrune │ └── assert-plus@1.0.0
55 silly idealTree:prePrune ├── glob@7.1.1
55 silly idealTree:prePrune ├── graceful-fs@4.1.11
55 silly idealTree:prePrune ├── har-schema@1.0.5
55 silly idealTree:prePrune ├── har-validator@4.2.1
55 silly idealTree:prePrune ├── has-unicode@2.0.1
55 silly idealTree:prePrune ├── hawk@3.1.3
55 silly idealTree:prePrune ├── hoek@2.16.3
55 silly idealTree:prePrune ├── http-signature@1.1.1
55 silly idealTree:prePrune ├── inflight@1.0.6
55 silly idealTree:prePrune ├── inherits@2.0.3
55 silly idealTree:prePrune ├── ini@1.3.4
55 silly idealTree:prePrune ├── is-fullwidth-code-point@1.0.0
55 silly idealTree:prePrune ├── is-typedarray@1.0.0
55 silly idealTree:prePrune ├── isarray@1.0.0
55 silly idealTree:prePrune ├── isstream@0.1.2
55 silly idealTree:prePrune ├── jodid25519@1.0.2
55 silly idealTree:prePrune ├── jsbn@0.1.1
55 silly idealTree:prePrune ├── json-schema@0.2.3
55 silly idealTree:prePrune ├── json-stable-stringify@1.0.1
55 silly idealTree:prePrune ├── json-stringify-safe@5.0.1
55 silly idealTree:prePrune ├── jsonify@0.0.0
55 silly idealTree:prePrune ├─┬ jsprim@1.4.0
55 silly idealTree:prePrune │ └── assert-plus@1.0.0
55 silly idealTree:prePrune ├── lodash@4.17.4
55 silly idealTree:prePrune ├── mime-db@1.27.0
55 silly idealTree:prePrune ├── mime-types@2.1.15
55 silly idealTree:prePrune ├── minimatch@3.0.3
55 silly idealTree:prePrune ├── minimist@0.0.8
55 silly idealTree:prePrune ├── mkdirp@0.5.1
55 silly idealTree:prePrune ├── ms@0.7.2
55 silly idealTree:prePrune ├── multi-hashing@0.0.9
55 silly idealTree:prePrune ├── nan@2.5.1
55 silly idealTree:prePrune ├── node-pre-gyp@0.6.34
55 silly idealTree:prePrune ├── nopt@4.0.1
55 silly idealTree:prePrune ├── npmlog@4.0.2
55 silly idealTree:prePrune ├── number-is-nan@1.0.1
55 silly idealTree:prePrune ├── oauth-sign@0.8.2
55 silly idealTree:prePrune ├── object-assign@4.1.1
55 silly idealTree:prePrune ├── once@1.4.0
55 silly idealTree:prePrune ├── os-homedir@1.0.2
55 silly idealTree:prePrune ├── os-tmpdir@1.0.2
55 silly idealTree:prePrune ├── osenv@0.1.4
55 silly idealTree:prePrune ├── path-is-absolute@1.0.1
55 silly idealTree:prePrune ├── performance-now@0.2.0
55 silly idealTree:prePrune ├── process-nextick-args@1.0.7
55 silly idealTree:prePrune ├── punycode@1.4.1
55 silly idealTree:prePrune ├── qs@6.4.0
55 silly idealTree:prePrune ├─┬ rc@1.2.0
55 silly idealTree:prePrune │ └── minimist@1.2.0
55 silly idealTree:prePrune ├── readable-stream@2.2.6
55 silly idealTree:prePrune ├── request@2.81.0
55 silly idealTree:prePrune ├── rimraf@2.6.1
55 silly idealTree:prePrune ├── safe-buffer@5.0.1
55 silly idealTree:prePrune ├── semver@5.3.0
55 silly idealTree:prePrune ├── set-blocking@2.0.0
55 silly idealTree:prePrune ├── signal-exit@3.0.2
55 silly idealTree:prePrune ├── sntp@1.0.9
55 silly idealTree:prePrune ├─┬ sshpk@1.11.0
55 silly idealTree:prePrune │ └── assert-plus@1.0.0
55 silly idealTree:prePrune ├── string_decoder@0.10.31
55 silly idealTree:prePrune ├── string-width@1.0.2
55 silly idealTree:prePrune ├── stringstream@0.0.5
55 silly idealTree:prePrune ├── strip-ansi@3.0.1
55 silly idealTree:prePrune ├── strip-json-comments@2.0.1
55 silly idealTree:prePrune ├── tar-pack@3.4.0
55 silly idealTree:prePrune ├── tar@2.2.1
55 silly idealTree:prePrune ├── tough-cookie@2.3.2
55 silly idealTree:prePrune ├── tunnel-agent@0.6.0
55 silly idealTree:prePrune ├── tweetnacl@0.14.5
55 silly idealTree:prePrune ├── uid-number@0.0.6
55 silly idealTree:prePrune ├── util-deprecate@1.0.2
55 silly idealTree:prePrune ├── uuid@3.0.1
55 silly idealTree:prePrune ├── verror@1.3.6
55 silly idealTree:prePrune ├── wide-align@1.1.0
55 silly idealTree:prePrune └── wrappy@1.0.2
56 silly loadIdealTree Finishing
57 silly currentTree stratum-pool@0.1.9
57 silly currentTree ├── abbrev@1.1.0
57 silly currentTree ├── ajv@4.11.5
57 silly currentTree ├── ansi-regex@2.1.1
57 silly currentTree ├── aproba@1.1.1
57 silly currentTree ├── are-we-there-yet@1.1.2
57 silly currentTree ├── asn1@0.2.3
57 silly currentTree ├── assert-plus@0.2.0
57 silly currentTree ├── async@2.2.0
57 silly currentTree ├── asynckit@0.4.0
57 silly currentTree ├── aws-sign2@0.6.0
57 silly currentTree ├── aws4@1.6.0
57 silly currentTree ├── balanced-match@0.4.2
57 silly currentTree ├── base58-native@0.1.4
57 silly currentTree ├── bcrypt-pbkdf@1.0.1
57 silly currentTree ├── bignum@0.12.5
57 silly currentTree ├── bindings@1.2.1
57 silly currentTree ├── block-stream@0.0.9
57 silly currentTree ├── boom@2.10.1
57 silly currentTree ├── brace-expansion@1.1.6
57 silly currentTree ├── buffer-shims@1.0.0
57 silly currentTree ├── caseless@0.12.0
57 silly currentTree ├── co@4.6.0
57 silly currentTree ├── code-point-at@1.1.0
57 silly currentTree ├── combined-stream@1.0.5
57 silly currentTree ├── concat-map@0.0.1
57 silly currentTree ├── console-control-strings@1.1.0
57 silly currentTree ├── core-util-is@1.0.2
57 silly currentTree ├── cryptiles@2.0.5
57 silly currentTree ├─┬ dashdash@1.14.1
57 silly currentTree │ └── assert-plus@1.0.0
57 silly currentTree ├── debug@2.6.3
57 silly currentTree ├── deep-extend@0.4.1
57 silly currentTree ├── delayed-stream@1.0.0
57 silly currentTree ├── delegates@1.0.0
57 silly currentTree ├── ecc-jsbn@0.1.1
57 silly currentTree ├── extend@3.0.0
57 silly currentTree ├── extsprintf@1.0.2
57 silly currentTree ├── forever-agent@0.6.1
57 silly currentTree ├── form-data@2.1.2
57 silly currentTree ├── fs.realpath@1.0.0
57 silly currentTree ├── fstream-ignore@1.0.5
57 silly currentTree ├── fstream@1.0.11
57 silly currentTree ├── gauge@2.7.3
57 silly currentTree ├─┬ getpass@0.1.6
57 silly currentTree │ └── assert-plus@1.0.0
57 silly currentTree ├── glob@7.1.1
57 silly currentTree ├── graceful-fs@4.1.11
57 silly currentTree ├── har-schema@1.0.5
57 silly currentTree ├── har-validator@4.2.1
57 silly currentTree ├── has-unicode@2.0.1
57 silly currentTree ├── hawk@3.1.3
57 silly currentTree ├── hoek@2.16.3
57 silly currentTree ├── http-signature@1.1.1
57 silly currentTree ├── inflight@1.0.6
57 silly currentTree ├── inherits@2.0.3
57 silly currentTree ├── ini@1.3.4
57 silly currentTree ├── is-fullwidth-code-point@1.0.0
57 silly currentTree ├── is-typedarray@1.0.0
57 silly currentTree ├── isarray@1.0.0
57 silly currentTree ├── isstream@0.1.2
57 silly currentTree ├── jodid25519@1.0.2
57 silly currentTree ├── jsbn@0.1.1
57 silly currentTree ├── json-schema@0.2.3
57 silly currentTree ├── json-stable-stringify@1.0.1
57 silly currentTree ├── json-stringify-safe@5.0.1
57 silly currentTree ├── jsonify@0.0.0
57 silly currentTree ├─┬ jsprim@1.4.0
57 silly currentTree │ └── assert-plus@1.0.0
57 silly currentTree ├── lodash@4.17.4
57 silly currentTree ├── mime-db@1.27.0
57 silly currentTree ├── mime-types@2.1.15
57 silly currentTree ├── minimatch@3.0.3
57 silly currentTree ├── minimist@0.0.8
57 silly currentTree ├── mkdirp@0.5.1
57 silly currentTree ├── ms@0.7.2
57 silly currentTree ├── nan@2.5.1
57 silly currentTree ├── node-pre-gyp@0.6.34
57 silly currentTree ├── nopt@4.0.1
57 silly currentTree ├── npmlog@4.0.2
57 silly currentTree ├── number-is-nan@1.0.1
57 silly currentTree ├── oauth-sign@0.8.2
57 silly currentTree ├── object-assign@4.1.1
57 silly currentTree ├── once@1.4.0
57 silly currentTree ├── os-homedir@1.0.2
57 silly currentTree ├── os-tmpdir@1.0.2
57 silly currentTree ├── osenv@0.1.4
57 silly currentTree ├── path-is-absolute@1.0.1
57 silly currentTree ├── performance-now@0.2.0
57 silly currentTree ├── process-nextick-args@1.0.7
57 silly currentTree ├── punycode@1.4.1
57 silly currentTree ├── qs@6.4.0
57 silly currentTree ├─┬ rc@1.2.0
57 silly currentTree │ └── minimist@1.2.0
57 silly currentTree ├── readable-stream@2.2.6
57 silly currentTree ├── request@2.81.0
57 silly currentTree ├── rimraf@2.6.1
57 silly currentTree ├── safe-buffer@5.0.1
57 silly currentTree ├── semver@5.3.0
57 silly currentTree ├── set-blocking@2.0.0
57 silly currentTree ├── signal-exit@3.0.2
57 silly currentTree ├── sntp@1.0.9
57 silly currentTree ├─┬ sshpk@1.11.0
57 silly currentTree │ └── assert-plus@1.0.0
57 silly currentTree ├── string_decoder@0.10.31
57 silly currentTree ├── string-width@1.0.2
57 silly currentTree ├── stringstream@0.0.5
57 silly currentTree ├── strip-ansi@3.0.1
57 silly currentTree ├── strip-json-comments@2.0.1
57 silly currentTree ├── tar-pack@3.4.0
57 silly currentTree ├── tar@2.2.1
57 silly currentTree ├── tough-cookie@2.3.2
57 silly currentTree ├── tunnel-agent@0.6.0
57 silly currentTree ├── tweetnacl@0.14.5
57 silly currentTree ├── uid-number@0.0.6
57 silly currentTree ├── util-deprecate@1.0.2
57 silly currentTree ├── uuid@3.0.1
57 silly currentTree ├── verror@1.3.6
57 silly currentTree ├── wide-align@1.1.0
57 silly currentTree └── wrappy@1.0.2
58 silly idealTree stratum-pool@0.1.9
58 silly idealTree ├── abbrev@1.1.0
58 silly idealTree ├── ajv@4.11.5
58 silly idealTree ├── ansi-regex@2.1.1
58 silly idealTree ├── aproba@1.1.1
58 silly idealTree ├── are-we-there-yet@1.1.2
58 silly idealTree ├── asn1@0.2.3
58 silly idealTree ├── assert-plus@0.2.0
58 silly idealTree ├── async@2.2.0
58 silly idealTree ├── asynckit@0.4.0
58 silly idealTree ├── aws-sign2@0.6.0
58 silly idealTree ├── aws4@1.6.0
58 silly idealTree ├── balanced-match@0.4.2
58 silly idealTree ├── base58-native@0.1.4
58 silly idealTree ├── bcrypt-pbkdf@1.0.1
58 silly idealTree ├── bignum@0.12.5
58 silly idealTree ├── bindings@1.2.1
58 silly idealTree ├── block-stream@0.0.9
58 silly idealTree ├── boom@2.10.1
58 silly idealTree ├── brace-expansion@1.1.6
58 silly idealTree ├── buffer-shims@1.0.0
58 silly idealTree ├── caseless@0.12.0
58 silly idealTree ├── co@4.6.0
58 silly idealTree ├── code-point-at@1.1.0
58 silly idealTree ├── combined-stream@1.0.5
58 silly idealTree ├── concat-map@0.0.1
58 silly idealTree ├── console-control-strings@1.1.0
58 silly idealTree ├── core-util-is@1.0.2
58 silly idealTree ├── cryptiles@2.0.5
58 silly idealTree ├─┬ dashdash@1.14.1
58 silly idealTree │ └── assert-plus@1.0.0
58 silly idealTree ├── debug@2.6.3
58 silly idealTree ├── deep-extend@0.4.1
58 silly idealTree ├── delayed-stream@1.0.0
58 silly idealTree ├── delegates@1.0.0
58 silly idealTree ├── ecc-jsbn@0.1.1
58 silly idealTree ├── extend@3.0.0
58 silly idealTree ├── extsprintf@1.0.2
58 silly idealTree ├── forever-agent@0.6.1
58 silly idealTree ├── form-data@2.1.2
58 silly idealTree ├── fs.realpath@1.0.0
58 silly idealTree ├── fstream-ignore@1.0.5
58 silly idealTree ├── fstream@1.0.11
58 silly idealTree ├── gauge@2.7.3
58 silly idealTree ├─┬ getpass@0.1.6
58 silly idealTree │ └── assert-plus@1.0.0
58 silly idealTree ├── glob@7.1.1
58 silly idealTree ├── graceful-fs@4.1.11
58 silly idealTree ├── har-schema@1.0.5
58 silly idealTree ├── har-validator@4.2.1
58 silly idealTree ├── has-unicode@2.0.1
58 silly idealTree ├── hawk@3.1.3
58 silly idealTree ├── hoek@2.16.3
58 silly idealTree ├── http-signature@1.1.1
58 silly idealTree ├── inflight@1.0.6
58 silly idealTree ├── inherits@2.0.3
58 silly idealTree ├── ini@1.3.4
58 silly idealTree ├── is-fullwidth-code-point@1.0.0
58 silly idealTree ├── is-typedarray@1.0.0
58 silly idealTree ├── isarray@1.0.0
58 silly idealTree ├── isstream@0.1.2
58 silly idealTree ├── jodid25519@1.0.2
58 silly idealTree ├── jsbn@0.1.1
58 silly idealTree ├── json-schema@0.2.3
58 silly idealTree ├── json-stable-stringify@1.0.1
58 silly idealTree ├── json-stringify-safe@5.0.1
58 silly idealTree ├── jsonify@0.0.0
58 silly idealTree ├─┬ jsprim@1.4.0
58 silly idealTree │ └── assert-plus@1.0.0
58 silly idealTree ├── lodash@4.17.4
58 silly idealTree ├── mime-db@1.27.0
58 silly idealTree ├── mime-types@2.1.15
58 silly idealTree ├── minimatch@3.0.3
58 silly idealTree ├── minimist@0.0.8
58 silly idealTree ├── mkdirp@0.5.1
58 silly idealTree ├── ms@0.7.2
58 silly idealTree ├── multi-hashing@0.0.9
58 silly idealTree ├── nan@2.5.1
58 silly idealTree ├── node-pre-gyp@0.6.34
58 silly idealTree ├── nopt@4.0.1
58 silly idealTree ├── npmlog@4.0.2
58 silly idealTree ├── number-is-nan@1.0.1
58 silly idealTree ├── oauth-sign@0.8.2
58 silly idealTree ├── object-assign@4.1.1
58 silly idealTree ├── once@1.4.0
58 silly idealTree ├── os-homedir@1.0.2
58 silly idealTree ├── os-tmpdir@1.0.2
58 silly idealTree ├── osenv@0.1.4
58 silly idealTree ├── path-is-absolute@1.0.1
58 silly idealTree ├── performance-now@0.2.0
58 silly idealTree ├── process-nextick-args@1.0.7
58 silly idealTree ├── punycode@1.4.1
58 silly idealTree ├── qs@6.4.0
58 silly idealTree ├─┬ rc@1.2.0
58 silly idealTree │ └── minimist@1.2.0
58 silly idealTree ├── readable-stream@2.2.6
58 silly idealTree ├── request@2.81.0
58 silly idealTree ├── rimraf@2.6.1
58 silly idealTree ├── safe-buffer@5.0.1
58 silly idealTree ├── semver@5.3.0
58 silly idealTree ├── set-blocking@2.0.0
58 silly idealTree ├── signal-exit@3.0.2
58 silly idealTree ├── sntp@1.0.9
58 silly idealTree ├─┬ sshpk@1.11.0
58 silly idealTree │ └── assert-plus@1.0.0
58 silly idealTree ├── string_decoder@0.10.31
58 silly idealTree ├── string-width@1.0.2
58 silly idealTree ├── stringstream@0.0.5
58 silly idealTree ├── strip-ansi@3.0.1
58 silly idealTree ├── strip-json-comments@2.0.1
58 silly idealTree ├── tar-pack@3.4.0
58 silly idealTree ├── tar@2.2.1
58 silly idealTree ├── tough-cookie@2.3.2
58 silly idealTree ├── tunnel-agent@0.6.0
58 silly idealTree ├── tweetnacl@0.14.5
58 silly idealTree ├── uid-number@0.0.6
58 silly idealTree ├── util-deprecate@1.0.2
58 silly idealTree ├── uuid@3.0.1
58 silly idealTree ├── verror@1.3.6
58 silly idealTree ├── wide-align@1.1.0
58 silly idealTree └── wrappy@1.0.2
59 silly generateActionsToTake Starting
60 silly install generateActionsToTake
61 silly generateActionsToTake Finishing
62 silly diffTrees action count 2
63 silly diffTrees update bindings@1.2.1
64 silly diffTrees add multi-hashing@0.0.9
65 silly decomposeActions action count 16
66 silly decomposeActions fetch bindings@1.2.1
67 silly decomposeActions extract bindings@1.2.1
68 silly decomposeActions test bindings@1.2.1
69 silly decomposeActions preinstall bindings@1.2.1
70 silly decomposeActions build bindings@1.2.1
71 silly decomposeActions install bindings@1.2.1
72 silly decomposeActions postinstall bindings@1.2.1
73 silly decomposeActions finalize bindings@1.2.1
74 silly decomposeActions fetch multi-hashing@0.0.9
75 silly decomposeActions extract multi-hashing@0.0.9
76 silly decomposeActions test multi-hashing@0.0.9
77 silly decomposeActions preinstall multi-hashing@0.0.9
78 silly decomposeActions build multi-hashing@0.0.9
79 silly decomposeActions install multi-hashing@0.0.9
80 silly decomposeActions postinstall multi-hashing@0.0.9
81 silly decomposeActions finalize multi-hashing@0.0.9
82 silly executeActions Starting
83 silly install executeActions
84 silly doSerial global-install 0
85 silly doParallel fetch 2
86 verbose lock using /root/.npm/_locks/staging-c021344e5559ce74.lock for /home/mike/Programs/node-stratum-pool-master/node_modules/.staging
87 silly doParallel extract 2
88 silly extract bindings@1.2.1
89 silly extract multi-hashing@0.0.9
90 verbose unbuild node_modules/.staging/bindings-6cb2b368
91 verbose unbuild node_modules/.staging/multi-hashing-6725dbd6
92 silly gentlyRm /home/mike/Programs/node-stratum-pool-master/node_modules/.staging/bindings-6cb2b368 is being purged from base /home/mike/Programs/node-stratum-pool-master
93 verbose gentlyRm don't care about contents; nuking /home/mike/Programs/node-stratum-pool-master/node_modules/.staging/bindings-6cb2b368
94 silly gentlyRm /home/mike/Programs/node-stratum-pool-master/node_modules/.staging/multi-hashing-6725dbd6 is being purged from base /home/mike/Programs/node-stratum-pool-master
95 verbose gentlyRm don't care about contents; nuking /home/mike/Programs/node-stratum-pool-master/node_modules/.staging/multi-hashing-6725dbd6
96 verbose tar unpack /root/.npm/bindings/1.2.1/package.tgz
97 verbose tar unpacking to /home/mike/Programs/node-stratum-pool-master/node_modules/.staging/bindings-6cb2b368
98 silly gentlyRm /home/mike/Programs/node-stratum-pool-master/node_modules/.staging/bindings-6cb2b368 is being purged
99 verbose gentlyRm don't care about contents; nuking /home/mike/Programs/node-stratum-pool-master/node_modules/.staging/bindings-6cb2b368
100 verbose tar unpack /root/.npm/multi-hashing/0.0.9/package.tgz
101 verbose tar unpacking to /home/mike/Programs/node-stratum-pool-master/node_modules/.staging/multi-hashing-6725dbd6
102 silly gentlyRm /home/mike/Programs/node-stratum-pool-master/node_modules/.staging/multi-hashing-6725dbd6 is being purged
103 verbose gentlyRm don't care about contents; nuking /home/mike/Programs/node-stratum-pool-master/node_modules/.staging/multi-hashing-6725dbd6
104 silly gunzTarPerm modes [ '755', '644' ]
105 silly gunzTarPerm modes [ '755', '644' ]
106 silly gunzTarPerm extractEntry package.json
107 silly gunzTarPerm extractEntry package.json
108 silly gunzTarPerm extractEntry README.md
109 silly gunzTarPerm extractEntry bindings.js
110 silly gunzTarPerm extractEntry README.md
111 silly gunzTarPerm extractEntry index.js
112 silly gunzTarPerm extractEntry nist5.h
113 silly gunzTarPerm extractEntry binding.gyp
114 silly gunzTarPerm extractEntry blake.c
115 silly gunzTarPerm extractEntry blake.h
116 silly gunzTarPerm extractEntry boolberry.cc
117 silly gunzTarPerm extractEntry boolberry.h
118 silly gunzTarPerm extractEntry crypto/cryptonote_core/account.cpp
119 silly gunzTarPerm extractEntry crypto/cryptonote_core/account.h
120 silly gentlyRm /home/mike/Programs/node-stratum-pool-master/node_modules/.staging/bindings-6cb2b368/node_modules is being purged
121 verbose gentlyRm don't care about contents; nuking /home/mike/Programs/node-stratum-pool-master/node_modules/.staging/bindings-6cb2b368/node_modules
122 silly gunzTarPerm extractEntry crypto/cryptonote_core/cryptonote_basic_impl.cpp
123 silly gunzTarPerm extractEntry crypto/cryptonote_core/cryptonote_basic_impl.h
124 silly gunzTarPerm extractEntry crypto/cryptonote_core/cryptonote_format_utils.cpp
125 silly gunzTarPerm extractEntry crypto/cryptonote_core/cryptonote_format_utils.h
126 silly gunzTarPerm extractEntry crypto/aesb.c
127 silly gunzTarPerm extractEntry crypto/c_blake256.h
128 silly gunzTarPerm extractEntry crypto/c_groestl.c
129 silly gunzTarPerm extractEntry crypto/c_groestl.h
130 silly gunzTarPerm extractEntry crypto/c_jh.c
131 silly gunzTarPerm extractEntry crypto/c_jh.h
132 silly gunzTarPerm extractEntry crypto/c_keccak.c
133 silly gunzTarPerm extractEntry crypto/c_keccak.h
134 silly gunzTarPerm extractEntry crypto/c_skein.c
135 silly gunzTarPerm extractEntry crypto/c_skein.h
136 silly gunzTarPerm extractEntry crypto/crypto.h
137 silly gunzTarPerm extractEntry crypto/c_blake256.c
138 silly gunzTarPerm extractEntry crypto/cryptonote_protocol/cryptonote_protocol_defs.h
139 silly gunzTarPerm extractEntry crypto/groestl_tables.h
140 silly gunzTarPerm extractEntry crypto/hash-ops.h
141 silly gunzTarPerm extractEntry crypto/hash.c
142 silly gunzTarPerm extractEntry crypto/hash.h
143 silly gunzTarPerm extractEntry crypto/int-util.h
144 silly gunzTarPerm extractEntry crypto/oaes_config.h
145 silly gunzTarPerm extractEntry crypto/oaes_lib.c
146 silly gunzTarPerm extractEntry crypto/oaes_lib.h
147 silly gunzTarPerm extractEntry crypto/skein_port.h
148 silly gunzTarPerm extractEntry crypto/wild_keccak.cpp
149 silly gunzTarPerm extractEntry crypto/wild_keccak.h
150 silly gunzTarPerm extractEntry cryptonight.c
151 silly gunzTarPerm extractEntry cryptonight.h
152 silly gunzTarPerm extractEntry fresh.c
153 silly gunzTarPerm extractEntry fresh.h
154 silly gunzTarPerm extractEntry fugue.c
155 silly gunzTarPerm extractEntry fugue.h
156 silly gunzTarPerm extractEntry groestl.c
157 silly gunzTarPerm extractEntry groestl.h
158 silly gunzTarPerm extractEntry hefty1.c
159 silly gunzTarPerm extractEntry hefty1.h
160 silly gunzTarPerm extractEntry .travis.yml
161 silly gunzTarPerm extractEntry keccak.c
162 silly gunzTarPerm extractEntry keccak.h
163 silly gunzTarPerm extractEntry multihashing.cc
164 silly gunzTarPerm extractEntry nist5.c
165 silly gunzTarPerm extractEntry bcrypt.c
166 silly gunzTarPerm extractEntry bcrypt.h
167 silly gunzTarPerm extractEntry quark.c
168 silly gunzTarPerm extractEntry quark.h
169 silly gunzTarPerm extractEntry qubit.c
170 silly gunzTarPerm extractEntry qubit.h
171 silly gunzTarPerm extractEntry scryptjane/scrypt-jane-mix_salsa-sse2.h
172 silly gunzTarPerm extractEntry scryptjane/scrypt-jane-chacha.h
173 silly gunzTarPerm extractEntry scryptjane/scrypt-jane-hash_keccak.h
174 silly gunzTarPerm extractEntry scryptjane/scrypt-jane-hash_sha256.h
175 silly gunzTarPerm extractEntry scryptjane/scrypt-jane-mix_chacha-avx.h
176 silly gunzTarPerm extractEntry scryptjane/scrypt-jane-mix_chacha-sse2.h
177 silly gunzTarPerm extractEntry scryptjane/scrypt-jane-mix_chacha-ssse3.h
178 silly gunzTarPerm extractEntry scryptjane/scrypt-jane-mix_chacha.h
179 silly gunzTarPerm extractEntry scryptjane/scrypt-jane-mix_salsa-avx.h
180 silly gunzTarPerm extractEntry scryptjane/scrypt-jane-hash.h
181 silly gunzTarPerm extractEntry scryptjane/scrypt-jane-mix_salsa.h
182 silly gunzTarPerm extractEntry scryptjane/scrypt-jane-pbkdf2.h
183 silly gunzTarPerm extractEntry scryptjane/scrypt-jane-portable-x86.h
184 silly gunzTarPerm extractEntry scryptjane/scrypt-jane-portable.h
185 silly gunzTarPerm extractEntry scryptjane/scrypt-jane-romix-basic.h
186 silly gunzTarPerm extractEntry scryptjane/scrypt-jane-romix-template.h
187 silly gunzTarPerm extractEntry scryptjane/scrypt-jane-romix.h
188 silly gunzTarPerm extractEntry scryptjane/scrypt-jane-salsa.h
189 silly gunzTarPerm extractEntry scryptjane/scrypt-jane-test-vectors.h
190 silly gunzTarPerm extractEntry scryptjane.c
191 silly gunzTarPerm extractEntry scryptjane.h
192 silly gunzTarPerm extractEntry scryptn.c
193 silly gunzTarPerm extractEntry scryptn.h
194 silly gunzTarPerm extractEntry sha1.c
195 silly gunzTarPerm extractEntry sha1.h
196 silly gunzTarPerm extractEntry sha256.h
197 silly gunzTarPerm extractEntry sha3/sph_hefty1.h
198 silly gunzTarPerm extractEntry sha3/aes_helper.c
199 silly gunzTarPerm extractEntry sha3/hamsi_helper.c
200 silly gunzTarPerm extractEntry sha3/md_helper.c
201 silly gunzTarPerm extractEntry sha3/sph_blake.c
202 silly gunzTarPerm extractEntry sha3/sph_blake.h
203 silly gunzTarPerm extractEntry sha3/sph_bmw.c
204 silly gunzTarPerm extractEntry sha3/sph_bmw.h
205 silly gunzTarPerm extractEntry sha3/sph_cubehash.c
206 silly gunzTarPerm extractEntry sha3/sph_cubehash.h
207 silly gunzTarPerm extractEntry sha3/sph_echo.c
208 silly gunzTarPerm extractEntry sha3/sph_echo.h
209 silly gunzTarPerm extractEntry sha3/sph_fugue.c
210 silly gunzTarPerm extractEntry sha3/sph_fugue.h
211 silly gunzTarPerm extractEntry sha3/sph_groestl.c
212 silly gunzTarPerm extractEntry sha3/sph_groestl.h
213 silly gunzTarPerm extractEntry sha3/sph_hamsi.h
214 silly gunzTarPerm extractEntry sha3/sph_hefty1.c
215 silly gunzTarPerm extractEntry sha3/hamsi.c
216 silly gunzTarPerm extractEntry sha3/sph_jh.c
217 silly gunzTarPerm extractEntry sha3/sph_jh.h
218 silly gunzTarPerm extractEntry sha3/sph_keccak.c
219 silly gunzTarPerm extractEntry sha3/sph_keccak.h
220 silly gunzTarPerm extractEntry sha3/sph_luffa.c
221 silly gunzTarPerm extractEntry sha3/sph_luffa.h
222 silly gunzTarPerm extractEntry sha3/sph_shabal.c
223 silly gunzTarPerm extractEntry sha3/sph_shabal.h
224 silly gunzTarPerm extractEntry sha3/sph_shavite.c
225 silly gunzTarPerm extractEntry sha3/sph_shavite.h
226 silly gunzTarPerm extractEntry sha3/sph_simd.c
227 silly gunzTarPerm extractEntry sha3/sph_simd.h
228 silly gunzTarPerm extractEntry sha3/sph_skein.c
229 silly gunzTarPerm extractEntry sha3/sph_skein.h
230 silly gunzTarPerm extractEntry sha3/sph_types.h
231 silly gunzTarPerm extractEntry sha3/sph_whirlpool.c
232 silly gunzTarPerm extractEntry sha3/sph_whirlpool.h
233 silly gunzTarPerm extractEntry shavite3.c
234 silly gunzTarPerm extractEntry shavite3.h
235 silly gunzTarPerm extractEntry skein.c
236 silly gunzTarPerm extractEntry skein.h
237 silly gunzTarPerm extractEntry stdint.h
238 silly gunzTarPerm extractEntry x11.c
239 silly gunzTarPerm extractEntry x11.h
240 silly gunzTarPerm extractEntry x13.c
241 silly gunzTarPerm extractEntry x13.h
242 silly gunzTarPerm extractEntry x15.c
243 silly gunzTarPerm extractEntry x15.h
244 silly gentlyRm /home/mike/Programs/node-stratum-pool-master/node_modules/.staging/multi-hashing-6725dbd6/node_modules is being purged
245 verbose gentlyRm don't care about contents; nuking /home/mike/Programs/node-stratum-pool-master/node_modules/.staging/multi-hashing-6725dbd6/node_modules
246 silly doParallel preinstall 2
247 silly preinstall bindings@1.2.1 /home/mike/Programs/node-stratum-pool-master/node_modules/.staging/bindings-6cb2b368
248 info lifecycle bindings@1.2.1~preinstall: bindings@1.2.1
249 silly preinstall multi-hashing@0.0.9 /home/mike/Programs/node-stratum-pool-master/node_modules/.staging/multi-hashing-6725dbd6
250 info lifecycle multi-hashing@0.0.9~preinstall: multi-hashing@0.0.9
251 silly lifecycle bindings@1.2.1~preinstall: no script for preinstall, continuing
252 silly lifecycle multi-hashing@0.0.9~preinstall: no script for preinstall, continuing
253 silly doReverseSerial remove 0
254 silly doSerial move 0
255 silly doSerial finalize 2
256 silly finalize /home/mike/Programs/node-stratum-pool-master/node_modules/bindings
257 silly finalize /home/mike/Programs/node-stratum-pool-master/node_modules/multi-hashing
258 silly doSerial build 2
259 silly build bindings@1.2.1
260 info linkStuff bindings@1.2.1
261 silly linkStuff bindings@1.2.1 has /home/mike/Programs/node-stratum-pool-master/node_modules as its parent node_modules
262 verbose linkBins bindings@1.2.1
263 verbose linkMans bindings@1.2.1
264 silly build multi-hashing@0.0.9
265 info linkStuff multi-hashing@0.0.9
266 silly linkStuff multi-hashing@0.0.9 has /home/mike/Programs/node-stratum-pool-master/node_modules as its parent node_modules
267 verbose linkBins multi-hashing@0.0.9
268 verbose linkMans multi-hashing@0.0.9
269 silly doSerial global-link 0
270 silly doParallel update-linked 0
271 silly doSerial install 2
272 silly install bindings@1.2.1 /home/mike/Programs/node-stratum-pool-master/node_modules/.staging/bindings-6cb2b368
273 info lifecycle bindings@1.2.1~install: bindings@1.2.1
274 silly lifecycle bindings@1.2.1~install: no script for install, continuing
275 silly install multi-hashing@0.0.9 /home/mike/Programs/node-stratum-pool-master/node_modules/.staging/multi-hashing-6725dbd6
276 info lifecycle multi-hashing@0.0.9~install: multi-hashing@0.0.9
277 verbose lifecycle multi-hashing@0.0.9~install: unsafe-perm in lifecycle false
278 verbose lifecycle multi-hashing@0.0.9~install: PATH: /usr/share/npm/bin/node-gyp-bin:/home/mike/Programs/node-stratum-pool-master/node_modules/multi-hashing/node_modules/.bin:/home/mike/Programs/node-stratum-pool-master/node_modules/.bin:/usr/local/sbin:/usr/local/bin:/usr/sbin:/usr/bin:/sbin:/bin:/usr/games:/usr/local/games
279 verbose lifecycle multi-hashing@0.0.9~install: CWD: /home/mike/Programs/node-stratum-pool-master/node_modules/multi-hashing
280 silly lifecycle multi-hashing@0.0.9~install: Args: [ '-c', 'node-gyp rebuild' ]
281 silly lifecycle multi-hashing@0.0.9~install: Returned: code: 1  signal: null
282 info lifecycle multi-hashing@0.0.9~install: Failed to exec install script
283 verbose unlock done using /root/.npm/_locks/staging-c021344e5559ce74.lock for /home/mike/Programs/node-stratum-pool-master/node_modules/.staging
284 silly rollbackFailedOptional Starting
285 silly rollbackFailedOptional Finishing
286 silly runTopLevelLifecycles Starting
287 silly runTopLevelLifecycles Finishing
288 silly install printInstalled
289 verbose stack Error: multi-hashing@0.0.9 install: `node-gyp rebuild`
289 verbose stack Exit status 1
289 verbose stack     at EventEmitter.<anonymous> (/usr/share/npm/lib/utils/lifecycle.js:232:16)
289 verbose stack     at emitTwo (events.js:87:13)
289 verbose stack     at EventEmitter.emit (events.js:172:7)
289 verbose stack     at ChildProcess.<anonymous> (/usr/share/npm/lib/utils/spawn.js:24:14)
289 verbose stack     at emitTwo (events.js:87:13)
289 verbose stack     at ChildProcess.emit (events.js:172:7)
289 verbose stack     at maybeClose (internal/child_process.js:821:16)
289 verbose stack     at Process.ChildProcess._handle.onexit (internal/child_process.js:211:5)
290 verbose pkgid multi-hashing@0.0.9
291 verbose cwd /home/mike/Programs/node-stratum-pool-master/lib
292 error Linux 4.8.0-45-generic
293 error argv "/usr/bin/nodejs" "/usr/bin/npm" "install" "multi-hashing"
294 error node v4.2.6
295 error npm  v3.5.2
296 error code ELIFECYCLE
297 error multi-hashing@0.0.9 install: `node-gyp rebuild`
297 error Exit status 1
298 error Failed at the multi-hashing@0.0.9 install script 'node-gyp rebuild'.
298 error Make sure you have the latest version of node.js and npm installed.
298 error If you do, this is most likely a problem with the multi-hashing package,
298 error not with npm itself.
298 error Tell the author that this fails on your system:
298 error     node-gyp rebuild
298 error You can get information on how to open an issue for this project with:
298 error     npm bugs multi-hashing
298 error Or if that isn't available, you can get their info via:
298 error     npm owner ls multi-hashing
298 error There is likely additional logging output above.
299 verbose exit [ 1, true ]
